<?xml version="1.0" encoding="UTF-8"?>
<!-- Generated by org.testng.reporters.JUnitReportReporter -->
<testsuite hostname="CHDSEZ143238L" name="com.e2e.testcases.Login" tests="1" failures="0" timestamp="14 Jul 2017 14:37:00 GMT" time="11.005" errors="0">
  <testcase name="logintest" time="11.005" classname="com.e2e.testcases.Login"/>
</testsuite> <!-- com.e2e.testcases.Login -->
